#
# There is insufficient memory for the Java Runtime Environment to continue.
# Native memory allocation (malloc) failed to allocate 129296 bytes. Error detail: Chunk::new
# Possible reasons:
#   The system is out of physical RAM or swap space
#   This process is running with CompressedOops enabled, and the Java Heap may be blocking the growth of the native heap
# Possible solutions:
#   Reduce memory load on the system
#   Increase physical memory or swap space
#   Check if swap backing store is full
#   Decrease Java heap size (-Xmx/-Xms)
#   Decrease number of Java threads
#   Decrease Java thread stack sizes (-Xss)
#   Set larger code cache with -XX:ReservedCodeCacheSize=
#   JVM is running with Unscaled Compressed Oops mode in which the Java heap is
#     placed in the first 4GB address space. The Java Heap base address is the
#     maximum limit for the native heap growth. Please use -XX:HeapBaseMinAddress
#     to set the Java Heap base and to place the Java Heap above 4GB virtual address.
# This output file may be truncated or incomplete.
#
#  Out of Memory Error (arena.cpp:168), pid=576, tid=7732
#
# JRE version: OpenJDK Runtime Environment Temurin-21.0.6+7 (21.0.6+7) (build 21.0.6+7-LTS)
# Java VM: OpenJDK 64-Bit Server VM Temurin-21.0.6+7 (21.0.6+7-LTS, mixed mode, sharing, tiered, compressed oops, compressed class ptrs, parallel gc, windows-amd64)
# No core dump will be written. Minidumps are not enabled by default on client versions of Windows
#

---------------  S U M M A R Y ------------

Command Line: --add-modules=ALL-SYSTEM --add-opens=java.base/java.util=ALL-UNNAMED --add-opens=java.base/java.lang=ALL-UNNAMED --add-opens=java.base/sun.nio.fs=ALL-UNNAMED -Declipse.application=org.eclipse.jdt.ls.core.id1 -Dosgi.bundles.defaultStartLevel=4 -Declipse.product=org.eclipse.jdt.ls.core.product -Djava.import.generatesMetadataFilesAtProjectRoot=false -DDetectVMInstallationsJob.disabled=true -Dfile.encoding=utf8 -XX:+UseParallelGC -XX:GCTimeRatio=4 -XX:AdaptiveSizePolicyWeight=90 -Dsun.zip.disableMemoryMapping=true -Xmx1G -Xms100m -Xlog:disable -javaagent:c:\Users\RAZZAN ZUHAIR A\.vscode\extensions\redhat.java-1.40.0-win32-x64\lombok\lombok-1.18.36.jar c:\Users\RAZZAN ZUHAIR A\.vscode\extensions\redhat.java-1.40.0-win32-x64\server\plugins\org.eclipse.equinox.launcher_1.6.1000.v20250131-0606.jar -configuration c:\Users\RAZZAN ZUHAIR A\AppData\Roaming\Code\User\globalStorage\redhat.java\1.40.0\config_ss_win -data c:\Users\RAZZAN ZUHAIR A\AppData\Roaming\Code\User\workspaceStorage\9d7579ea74893fdc3460188b053f20a1\redhat.java\ss_ws --pipe=\\.\pipe\lsp-69092b9e632f51852728505ff958f121-sock

Host: Intel(R) Core(TM) i3-7020U CPU @ 2.30GHz, 4 cores, 3G,  Windows 10 , 64 bit Build 19041 (10.0.19041.5438)
Time: Fri Mar 14 15:35:14 2025 SE Asia Standard Time elapsed time: 9.015318 seconds (0d 0h 0m 9s)

---------------  T H R E A D  ---------------

Current thread (0x0000028cc83375c0):  JavaThread "C2 CompilerThread0" daemon [_thread_in_native, id=7732, stack(0x000000960a700000,0x000000960a800000) (1024K)]


Current CompileTask:
C2:9015 1934       4       java.lang.StringLatin1::toLowerCase (186 bytes)

Stack: [0x000000960a700000,0x000000960a800000]
Native frames: (J=compiled Java code, j=interpreted, Vv=VM code, C=native code)
V  [jvm.dll+0x6cdee9]
V  [jvm.dll+0x8a83d1]
V  [jvm.dll+0x8aa8fe]
V  [jvm.dll+0x8aafe3]
V  [jvm.dll+0x27f706]
V  [jvm.dll+0xc500d]
V  [jvm.dll+0xc5543]
V  [jvm.dll+0x2f2acd]
V  [jvm.dll+0x5f6a2a]
V  [jvm.dll+0x250bb2]
V  [jvm.dll+0x250f6f]
V  [jvm.dll+0x249834]
V  [jvm.dll+0x246ec4]
V  [jvm.dll+0x1c75ee]
V  [jvm.dll+0x25685a]
V  [jvm.dll+0x254dfa]
V  [jvm.dll+0x3f0256]
V  [jvm.dll+0x851f8b]
V  [jvm.dll+0x6cc5ed]
C  [ucrtbase.dll+0x21bb2]
C  [KERNEL32.DLL+0x17374]
C  [ntdll.dll+0x4cc91]


---------------  P R O C E S S  ---------------

Threads class SMR info:
_java_thread_list=0x0000028d0a53e490, length=16, elements={
0x0000028cb40048d0, 0x0000028cc832d510, 0x0000028cc8331b90, 0x0000028cc8333470,
0x0000028cc8334180, 0x0000028cc8335d40, 0x0000028cc8336790, 0x0000028cc83375c0,
0x0000028cc83a8fb0, 0x0000028d0a147150, 0x0000028d0a369020, 0x0000028d0a85f1d0,
0x0000028d0a1f8fe0, 0x0000028d0a960470, 0x0000028cc83cb110, 0x0000028d0a76a570
}

Java Threads: ( => current thread )
  0x0000028cb40048d0 JavaThread "main"                              [_thread_blocked, id=6544, stack(0x0000009609d00000,0x0000009609e00000) (1024K)]
  0x0000028cc832d510 JavaThread "Reference Handler"          daemon [_thread_blocked, id=8932, stack(0x000000960a100000,0x000000960a200000) (1024K)]
  0x0000028cc8331b90 JavaThread "Finalizer"                  daemon [_thread_blocked, id=9956, stack(0x000000960a200000,0x000000960a300000) (1024K)]
  0x0000028cc8333470 JavaThread "Signal Dispatcher"          daemon [_thread_blocked, id=3752, stack(0x000000960a300000,0x000000960a400000) (1024K)]
  0x0000028cc8334180 JavaThread "Attach Listener"            daemon [_thread_blocked, id=11024, stack(0x000000960a400000,0x000000960a500000) (1024K)]
  0x0000028cc8335d40 JavaThread "Service Thread"             daemon [_thread_blocked, id=17356, stack(0x000000960a500000,0x000000960a600000) (1024K)]
  0x0000028cc8336790 JavaThread "Monitor Deflation Thread"   daemon [_thread_blocked, id=15156, stack(0x000000960a600000,0x000000960a700000) (1024K)]
=>0x0000028cc83375c0 JavaThread "C2 CompilerThread0"         daemon [_thread_in_native, id=7732, stack(0x000000960a700000,0x000000960a800000) (1024K)]
  0x0000028cc83a8fb0 JavaThread "C1 CompilerThread0"         daemon [_thread_blocked, id=10828, stack(0x000000960a800000,0x000000960a900000) (1024K)]
  0x0000028d0a147150 JavaThread "Common-Cleaner"             daemon [_thread_blocked, id=14768, stack(0x000000960a900000,0x000000960aa00000) (1024K)]
  0x0000028d0a369020 JavaThread "Notification Thread"        daemon [_thread_blocked, id=8016, stack(0x000000960aa00000,0x000000960ab00000) (1024K)]
  0x0000028d0a85f1d0 JavaThread "Active Thread: Equinox Container: f065629a-84e4-479c-9918-4729a1df10a0"        [_thread_blocked, id=14952, stack(0x000000960ae00000,0x000000960af00000) (1024K)]
  0x0000028d0a1f8fe0 JavaThread "Framework Event Dispatcher: Equinox Container: f065629a-84e4-479c-9918-4729a1df10a0" daemon [_thread_blocked, id=1900, stack(0x000000960af00000,0x000000960b000000) (1024K)]
  0x0000028d0a960470 JavaThread "Start Level: Equinox Container: f065629a-84e4-479c-9918-4729a1df10a0" daemon [_thread_in_vm, id=10600, stack(0x000000960b000000,0x000000960b100000) (1024K)]
  0x0000028cc83cb110 JavaThread "SCR Component Actor"        daemon [_thread_blocked, id=13324, stack(0x000000960b100000,0x000000960b200000) (1024K)]
  0x0000028d0a76a570 JavaThread "SCR Component Registry"     daemon [_thread_blocked, id=9136, stack(0x000000960b200000,0x000000960b300000) (1024K)]
Total: 16

Other Threads:
  0x0000028cb40c35f0 VMThread "VM Thread"                           [id=4488, stack(0x000000960a000000,0x000000960a100000) (1024K)]
  0x0000028cb406f530 WatcherThread "VM Periodic Task Thread"        [id=17056, stack(0x0000009609f00000,0x000000960a000000) (1024K)]
  0x0000028cb4021a40 WorkerThread "GC Thread#0"                     [id=15912, stack(0x0000009609e00000,0x0000009609f00000) (1024K)]
  0x0000028d0a4ff920 WorkerThread "GC Thread#1"                     [id=12860, stack(0x000000960ab00000,0x000000960ac00000) (1024K)]
  0x0000028d0a4ffcc0 WorkerThread "GC Thread#2"                     [id=12344, stack(0x000000960ac00000,0x000000960ad00000) (1024K)]
  0x0000028d0a4eb600 WorkerThread "GC Thread#3"                     [id=7060, stack(0x000000960ad00000,0x000000960ae00000) (1024K)]
Total: 6

Threads with active compile tasks:
C2 CompilerThread0  9094 1934       4       java.lang.StringLatin1::toLowerCase (186 bytes)
Total: 1

VM state: not at safepoint (normal execution)

VM Mutex/Monitor currently owned by a thread: None

Heap address: 0x00000000c0000000, size: 1024 MB, Compressed Oops mode: 32-bit

CDS archive(s) mapped at: [0x0000028cc9000000-0x0000028cc9ba0000-0x0000028cc9ba0000), size 12189696, SharedBaseAddress: 0x0000028cc9000000, ArchiveRelocationMode: 1.
Compressed class space mapped at: 0x0000028cca000000-0x0000028d0a000000, reserved size: 1073741824
Narrow klass base: 0x0000028cc9000000, Narrow klass shift: 0, Narrow klass range: 0x100000000

GC Precious Log:
 CardTable entry size: 512
 CPUs: 4 total, 4 available
 Memory: 3964M
 Large Page Support: Disabled
 NUMA Support: Disabled
 Compressed Oops: Enabled (32-bit)
 Alignments: Space 512K, Generation 512K, Heap 2M
 Heap Min Capacity: 100M
 Heap Initial Capacity: 100M
 Heap Max Capacity: 1G
 Pre-touch: Disabled
 Parallel Workers: 4

Heap:
 PSYoungGen      total 29696K, used 14798K [0x00000000eab00000, 0x00000000ecc00000, 0x0000000100000000)
  eden space 25600K, 41% used [0x00000000eab00000,0x00000000eb575010,0x00000000ec400000)
  from space 4096K, 99% used [0x00000000ec800000,0x00000000ecbfe958,0x00000000ecc00000)
  to   space 4096K, 0% used [0x00000000ec400000,0x00000000ec400000,0x00000000ec800000)
 ParOldGen       total 68608K, used 819K [0x00000000c0000000, 0x00000000c4300000, 0x00000000eab00000)
  object space 68608K, 1% used [0x00000000c0000000,0x00000000c00ccea8,0x00000000c4300000)
 Metaspace       used 10400K, committed 10752K, reserved 1114112K
  class space    used 1048K, committed 1216K, reserved 1048576K

Card table byte_map: [0x0000028cb39e0000,0x0000028cb3bf0000] _byte_map_base: 0x0000028cb33e0000

Marking Bits: (ParMarkBitMap*) 0x00007fffc9813260
 Begin Bits: [0x0000028cc6200000, 0x0000028cc7200000)
 End Bits:   [0x0000028cc7200000, 0x0000028cc8200000)

Polling page: 0x0000028cb37d0000

Metaspace:

Usage:
  Non-class:      9.13 MB used.
      Class:      1.02 MB used.
       Both:     10.16 MB used.

Virtual space:
  Non-class space:       64.00 MB reserved,       9.31 MB ( 15%) committed,  1 nodes.
      Class space:        1.00 GB reserved,       1.19 MB ( <1%) committed,  1 nodes.
             Both:        1.06 GB reserved,      10.50 MB ( <1%) committed. 

Chunk freelists:
   Non-Class:  6.12 MB
       Class:  14.78 MB
        Both:  20.91 MB

MaxMetaspaceSize: unlimited
CompressedClassSpaceSize: 1.00 GB
Initial GC threshold: 21.00 MB
Current GC threshold: 21.00 MB
CDS: on
 - commit_granule_bytes: 65536.
 - commit_granule_words: 8192.
 - virtual_space_node_default_size: 8388608.
 - enlarge_chunks_in_place: 1.
 - use_allocation_guard: 0.


Internal statistics:

num_allocs_failed_limit: 0.
num_arena_births: 224.
num_arena_deaths: 0.
num_vsnodes_births: 2.
num_vsnodes_deaths: 0.
num_space_committed: 168.
num_space_uncommitted: 0.
num_chunks_returned_to_freelist: 0.
num_chunks_taken_from_freelist: 493.
num_chunk_merges: 0.
num_chunk_splits: 336.
num_chunks_enlarged: 236.
num_inconsistent_stats: 0.

CodeHeap 'non-profiled nmethods': size=120000Kb used=790Kb max_used=790Kb free=119209Kb
 bounds [0x0000028cbecd0000, 0x0000028cbef40000, 0x0000028cc6200000]
CodeHeap 'profiled nmethods': size=120000Kb used=3578Kb max_used=3578Kb free=116421Kb
 bounds [0x0000028cb7200000, 0x0000028cb7580000, 0x0000028cbe730000]
CodeHeap 'non-nmethods': size=5760Kb used=1218Kb max_used=1235Kb free=4541Kb
 bounds [0x0000028cbe730000, 0x0000028cbe9a0000, 0x0000028cbecd0000]
 total_blobs=2427 nmethods=1940 adapters=394
 compilation: enabled
              stopped_count=0, restarted_count=0
 full_count=0

Compilation events (20 events):
Event: 8.892 Thread 0x0000028cc83a8fb0 nmethod 1925 0x0000028cb7574010 code [0x0000028cb75741e0, 0x0000028cb75745d0]
Event: 8.893 Thread 0x0000028cc83a8fb0 1926       3       java.util.concurrent.locks.AbstractQueuedSynchronizer::acquireShared (20 bytes)
Event: 8.893 Thread 0x0000028cc83a8fb0 nmethod 1926 0x0000028cb7574790 code [0x0000028cb7574960, 0x0000028cb7574bd0]
Event: 8.894 Thread 0x0000028cc83a8fb0 1927       3       org.eclipse.osgi.internal.framework.EquinoxContainer::isBootDelegationPackage (72 bytes)
Event: 8.894 Thread 0x0000028cc83a8fb0 nmethod 1927 0x0000028cb7574c90 code [0x0000028cb7574e80, 0x0000028cb7575350]
Event: 8.898 Thread 0x0000028cc83a8fb0 1928       3       org.eclipse.osgi.internal.loader.BundleLoader::searchHooks (192 bytes)
Event: 8.899 Thread 0x0000028cc83a8fb0 nmethod 1928 0x0000028cb7575510 code [0x0000028cb75757e0, 0x0000028cb75769a8]
Event: 8.938 Thread 0x0000028cc83375c0 1929       4       java.util.zip.ZipFile$Source::zipCoderForPos (39 bytes)
Event: 8.939 Thread 0x0000028cc83375c0 nmethod 1929 0x0000028cbed95410 code [0x0000028cbed955a0, 0x0000028cbed95670]
Event: 8.949 Thread 0x0000028cc83a8fb0 1930   !   3       org.eclipse.osgi.internal.loader.ModuleClassLoader::publicFindLoaded (19 bytes)
Event: 8.949 Thread 0x0000028cc83a8fb0 nmethod 1930 0x0000028cb7576e10 code [0x0000028cb7577000, 0x0000028cb7577448]
Event: 8.955 Thread 0x0000028cc83a8fb0 1931       3       java.util.concurrent.locks.ReentrantReadWriteLock$Sync::tryReleaseShared (146 bytes)
Event: 8.956 Thread 0x0000028cc83a8fb0 nmethod 1931 0x0000028cb7577690 code [0x0000028cb7577900, 0x0000028cb75784b8]
Event: 8.983 Thread 0x0000028cc83a8fb0 1932       3       java.lang.System::getProperty (25 bytes)
Event: 8.983 Thread 0x0000028cc83a8fb0 nmethod 1932 0x0000028cb7578990 code [0x0000028cb7578ba0, 0x0000028cb7579188]
Event: 8.988 Thread 0x0000028cc83a8fb0 1933       3       java.io.WinNTFileSystem::normalize (143 bytes)
Event: 8.990 Thread 0x0000028cc83a8fb0 nmethod 1933 0x0000028cb7579390 code [0x0000028cb7579620, 0x0000028cb757a080]
Event: 9.003 Thread 0x0000028cc83375c0 1934       4       java.lang.StringLatin1::toLowerCase (186 bytes)
Event: 9.010 Thread 0x0000028cc83a8fb0 1935       3       java.lang.String::<init> (10 bytes)
Event: 9.010 Thread 0x0000028cc83a8fb0 nmethod 1935 0x0000028cb757a490 code [0x0000028cb757a640, 0x0000028cb757a790]

GC Heap History (4 events):
Event: 5.182 GC heap before
{Heap before GC invocations=1 (full 0):
 PSYoungGen      total 29696K, used 25600K [0x00000000eab00000, 0x00000000ecc00000, 0x0000000100000000)
  eden space 25600K, 100% used [0x00000000eab00000,0x00000000ec400000,0x00000000ec400000)
  from space 4096K, 0% used [0x00000000ec800000,0x00000000ec800000,0x00000000ecc00000)
  to   space 4096K, 0% used [0x00000000ec400000,0x00000000ec400000,0x00000000ec800000)
 ParOldGen       total 68608K, used 0K [0x00000000c0000000, 0x00000000c4300000, 0x00000000eab00000)
  object space 68608K, 0% used [0x00000000c0000000,0x00000000c0000000,0x00000000c4300000)
 Metaspace       used 4359K, committed 4608K, reserved 1114112K
  class space    used 435K, committed 512K, reserved 1048576K
}
Event: 5.223 GC heap after
{Heap after GC invocations=1 (full 0):
 PSYoungGen      total 29696K, used 3173K [0x00000000eab00000, 0x00000000ecc00000, 0x0000000100000000)
  eden space 25600K, 0% used [0x00000000eab00000,0x00000000eab00000,0x00000000ec400000)
  from space 4096K, 77% used [0x00000000ec400000,0x00000000ec7197f0,0x00000000ec800000)
  to   space 4096K, 0% used [0x00000000ec800000,0x00000000ec800000,0x00000000ecc00000)
 ParOldGen       total 68608K, used 0K [0x00000000c0000000, 0x00000000c4300000, 0x00000000eab00000)
  object space 68608K, 0% used [0x00000000c0000000,0x00000000c0000000,0x00000000c4300000)
 Metaspace       used 4359K, committed 4608K, reserved 1114112K
  class space    used 435K, committed 512K, reserved 1048576K
}
Event: 8.246 GC heap before
{Heap before GC invocations=2 (full 0):
 PSYoungGen      total 29696K, used 28773K [0x00000000eab00000, 0x00000000ecc00000, 0x0000000100000000)
  eden space 25600K, 100% used [0x00000000eab00000,0x00000000ec400000,0x00000000ec400000)
  from space 4096K, 77% used [0x00000000ec400000,0x00000000ec7197f0,0x00000000ec800000)
  to   space 4096K, 0% used [0x00000000ec800000,0x00000000ec800000,0x00000000ecc00000)
 ParOldGen       total 68608K, used 0K [0x00000000c0000000, 0x00000000c4300000, 0x00000000eab00000)
  object space 68608K, 0% used [0x00000000c0000000,0x00000000c0000000,0x00000000c4300000)
 Metaspace       used 8247K, committed 8576K, reserved 1114112K
  class space    used 811K, committed 960K, reserved 1048576K
}
Event: 8.255 GC heap after
{Heap after GC invocations=2 (full 0):
 PSYoungGen      total 29696K, used 4090K [0x00000000eab00000, 0x00000000ecc00000, 0x0000000100000000)
  eden space 25600K, 0% used [0x00000000eab00000,0x00000000eab00000,0x00000000ec400000)
  from space 4096K, 99% used [0x00000000ec800000,0x00000000ecbfe958,0x00000000ecc00000)
  to   space 4096K, 0% used [0x00000000ec400000,0x00000000ec400000,0x00000000ec800000)
 ParOldGen       total 68608K, used 819K [0x00000000c0000000, 0x00000000c4300000, 0x00000000eab00000)
  object space 68608K, 1% used [0x00000000c0000000,0x00000000c00ccea8,0x00000000c4300000)
 Metaspace       used 8247K, committed 8576K, reserved 1114112K
  class space    used 811K, committed 960K, reserved 1048576K
}

Dll operation events (9 events):
Event: 0.025 Loaded shared library c:\Users\RAZZAN ZUHAIR A\.vscode\extensions\redhat.java-1.40.0-win32-x64\jre\21.0.6-win32-x86_64\bin\java.dll
Event: 0.716 Loaded shared library c:\Users\RAZZAN ZUHAIR A\.vscode\extensions\redhat.java-1.40.0-win32-x64\jre\21.0.6-win32-x86_64\bin\zip.dll
Event: 0.835 Loaded shared library C:\Users\RAZZAN ZUHAIR A\.vscode\extensions\redhat.java-1.40.0-win32-x64\jre\21.0.6-win32-x86_64\bin\instrument.dll
Event: 0.854 Loaded shared library C:\Users\RAZZAN ZUHAIR A\.vscode\extensions\redhat.java-1.40.0-win32-x64\jre\21.0.6-win32-x86_64\bin\net.dll
Event: 0.862 Loaded shared library C:\Users\RAZZAN ZUHAIR A\.vscode\extensions\redhat.java-1.40.0-win32-x64\jre\21.0.6-win32-x86_64\bin\nio.dll
Event: 0.888 Loaded shared library C:\Users\RAZZAN ZUHAIR A\.vscode\extensions\redhat.java-1.40.0-win32-x64\jre\21.0.6-win32-x86_64\bin\zip.dll
Event: 0.966 Loaded shared library C:\Users\RAZZAN ZUHAIR A\.vscode\extensions\redhat.java-1.40.0-win32-x64\jre\21.0.6-win32-x86_64\bin\jimage.dll
Event: 1.392 Loaded shared library c:\Users\RAZZAN ZUHAIR A\.vscode\extensions\redhat.java-1.40.0-win32-x64\jre\21.0.6-win32-x86_64\bin\verify.dll
Event: 8.047 Loaded shared library C:\Users\RAZZAN ZUHAIR A\AppData\Roaming\Code\User\globalStorage\redhat.java\1.40.0\config_ss_win\org.eclipse.equinox.launcher\org.eclipse.equinox.launcher.win32.win32.x86_64_1.2.1200.v20250212-0927\eclipse_11909.dll

Deoptimization events (20 events):
Event: 7.409 Thread 0x0000028cb40048d0 DEOPT PACKING pc=0x0000028cb7352a88 sp=0x0000009609dfc2d0
Event: 7.409 Thread 0x0000028cb40048d0 DEOPT UNPACKING pc=0x0000028cbe784242 sp=0x0000009609dfb750 mode 0
Event: 7.412 Thread 0x0000028cb40048d0 DEOPT PACKING pc=0x0000028cb7352a88 sp=0x0000009609dfc5e0
Event: 7.412 Thread 0x0000028cb40048d0 DEOPT UNPACKING pc=0x0000028cbe784242 sp=0x0000009609dfba60 mode 0
Event: 7.414 Thread 0x0000028cb40048d0 DEOPT PACKING pc=0x0000028cb7352a88 sp=0x0000009609dfc530
Event: 7.414 Thread 0x0000028cb40048d0 DEOPT UNPACKING pc=0x0000028cbe784242 sp=0x0000009609dfb9b0 mode 0
Event: 7.416 Thread 0x0000028cb40048d0 DEOPT PACKING pc=0x0000028cb7352a88 sp=0x0000009609dfc830
Event: 7.416 Thread 0x0000028cb40048d0 DEOPT UNPACKING pc=0x0000028cbe784242 sp=0x0000009609dfbcb0 mode 0
Event: 8.082 Thread 0x0000028d0a960470 Uncommon trap: trap_request=0xffffff6e fr.pc=0x0000028cbed35d68 relative=0x00000000000003a8
Event: 8.082 Thread 0x0000028d0a960470 Uncommon trap: reason=loop_limit_check action=maybe_recompile pc=0x0000028cbed35d68 method=java.lang.StringLatin1.indexOf([BI[BII)I @ 37 c2
Event: 8.082 Thread 0x0000028d0a960470 DEOPT PACKING pc=0x0000028cbed35d68 sp=0x000000960b0f8b00
Event: 8.082 Thread 0x0000028d0a960470 DEOPT UNPACKING pc=0x0000028cbe783aa2 sp=0x000000960b0f8a60 mode 2
Event: 8.860 Thread 0x0000028d0a960470 Uncommon trap: trap_request=0xffffff45 fr.pc=0x0000028cbed80c04 relative=0x0000000000001504
Event: 8.860 Thread 0x0000028d0a960470 Uncommon trap: reason=unstable_if action=reinterpret pc=0x0000028cbed80c04 method=java.io.WinNTFileSystem.normalize(Ljava/lang/String;II)Ljava/lang/String; @ 100 c2
Event: 8.860 Thread 0x0000028d0a960470 DEOPT PACKING pc=0x0000028cbed80c04 sp=0x000000960b0f8db0
Event: 8.860 Thread 0x0000028d0a960470 DEOPT UNPACKING pc=0x0000028cbe783aa2 sp=0x000000960b0f8cf0 mode 2
Event: 9.002 Thread 0x0000028d0a960470 Uncommon trap: trap_request=0xffffff45 fr.pc=0x0000028cbed4aab4 relative=0x0000000000000094
Event: 9.002 Thread 0x0000028d0a960470 Uncommon trap: reason=unstable_if action=reinterpret pc=0x0000028cbed4aab4 method=java.io.BufferedInputStream.getBufIfOpen(Z)[B @ 13 c2
Event: 9.002 Thread 0x0000028d0a960470 DEOPT PACKING pc=0x0000028cbed4aab4 sp=0x000000960b0f8690
Event: 9.002 Thread 0x0000028d0a960470 DEOPT UNPACKING pc=0x0000028cbe783aa2 sp=0x000000960b0f8610 mode 2

Classes loaded (20 events):
Event: 8.526 Loading class java/io/CharConversionException done
Event: 8.526 Loading class com/sun/org/apache/xerces/internal/impl/io/MalformedByteSequenceException done
Event: 8.566 Loading class java/util/concurrent/RejectedExecutionException
Event: 8.566 Loading class java/util/concurrent/RejectedExecutionException done
Event: 8.566 Loading class java/util/concurrent/CompletionStage
Event: 8.567 Loading class java/util/concurrent/CompletionStage done
Event: 8.571 Loading class java/util/Timer
Event: 8.571 Loading class java/util/Timer done
Event: 8.572 Loading class java/util/TaskQueue
Event: 8.572 Loading class java/util/TaskQueue done
Event: 8.572 Loading class java/util/TimerThread
Event: 8.572 Loading class java/util/TimerThread done
Event: 8.574 Loading class java/util/Timer$ThreadReaper
Event: 8.574 Loading class java/util/Timer$ThreadReaper done
Event: 8.618 Loading class java/util/concurrent/locks/ReentrantLock$FairSync
Event: 8.618 Loading class java/util/concurrent/locks/ReentrantLock$FairSync done
Event: 8.622 Loading class java/util/Collections$ReverseComparator
Event: 8.627 Loading class java/util/Collections$ReverseComparator done
Event: 8.978 Loading class java/lang/CloneNotSupportedException
Event: 8.979 Loading class java/lang/CloneNotSupportedException done

Classes unloaded (0 events):
No events

Classes redefined (0 events):
No events

Internal exceptions (20 events):
Event: 5.080 Thread 0x0000028cb40048d0 Exception <a 'java/lang/NoSuchMethodError'{0x00000000ec3b1e48}: 'void java.lang.invoke.DirectMethodHandle$Holder.invokeStatic(java.lang.Object, java.lang.Object, java.lang.Object, java.lang.Object)'> (0x00000000ec3b1e48) 
thrown [s\src\hotspot\share\interpreter\linkResolver.cpp, line 773]
Event: 5.082 Thread 0x0000028cb40048d0 Implicit null exception at 0x0000028cbed21fa0 to 0x0000028cbed221bc
Event: 5.082 Thread 0x0000028cb40048d0 Implicit null exception at 0x0000028cbed1e7c0 to 0x0000028cbed1e845
Event: 5.412 Thread 0x0000028cb40048d0 Exception <a 'java/lang/NoSuchMethodError'{0x00000000eacf4b28}: 'long java.lang.invoke.DirectMethodHandle$Holder.invokeStatic(java.lang.Object, java.lang.Object, int)'> (0x00000000eacf4b28) 
thrown [s\src\hotspot\share\interpreter\linkResolver.cpp, line 773]
Event: 5.415 Thread 0x0000028cb40048d0 Exception <a 'java/lang/NoSuchMethodError'{0x00000000eacfc690}: 'java.lang.Object java.lang.invoke.DirectMethodHandle$Holder.invokeSpecial(java.lang.Object, java.lang.Object, java.lang.Object, java.lang.Object, long)'> (0x00000000eacfc690) 
thrown [s\src\hotspot\share\interpreter\linkResolver.cpp, line 773]
Event: 5.418 Thread 0x0000028cb40048d0 Exception <a 'java/lang/NoSuchMethodError'{0x00000000ead0a310}: 'java.lang.Object java.lang.invoke.DirectMethodHandle$Holder.invokeSpecial(java.lang.Object, java.lang.Object, java.lang.Object, int, java.lang.Object)'> (0x00000000ead0a310) 
thrown [s\src\hotspot\share\interpreter\linkResolver.cpp, line 773]
Event: 5.427 Thread 0x0000028cb40048d0 Exception <a 'java/lang/NoSuchMethodError'{0x00000000ead24090}: 'java.lang.Object java.lang.invoke.Invokers$Holder.invokeExact_MT(java.lang.Object, java.lang.Object, java.lang.Object, java.lang.Object, java.lang.Object, java.lang.Object)'> (0x00000000ead24090) 
thrown [s\src\hotspot\share\interpreter\linkResolver.cpp, line 773]
Event: 5.434 Thread 0x0000028cb40048d0 Exception <a 'java/lang/NoSuchMethodError'{0x00000000ead3d9a8}: 'int java.lang.invoke.DirectMethodHandle$Holder.invokeStaticInit(java.lang.Object, java.lang.Object, java.lang.Object, java.lang.Object)'> (0x00000000ead3d9a8) 
thrown [s\src\hotspot\share\interpreter\linkResolver.cpp, line 773]
Event: 5.436 Thread 0x0000028cb40048d0 Exception <a 'java/lang/NoSuchMethodError'{0x00000000ead463f8}: 'java.lang.Object java.lang.invoke.DirectMethodHandle$Holder.invokeInterface(java.lang.Object, java.lang.Object)'> (0x00000000ead463f8) 
thrown [s\src\hotspot\share\interpreter\linkResolver.cpp, line 773]
Event: 5.437 Thread 0x0000028cb40048d0 Exception <a 'java/lang/IncompatibleClassChangeError'{0x00000000ead49930}: Found class java.lang.Object, but interface was expected> (0x00000000ead49930) 
thrown [s\src\hotspot\share\interpreter\linkResolver.cpp, line 840]
Event: 5.438 Thread 0x0000028cb40048d0 Exception <a 'java/lang/NoSuchMethodError'{0x00000000ead4dae8}: 'void java.lang.invoke.DirectMethodHandle$Holder.invokeStatic(java.lang.Object, java.lang.Object)'> (0x00000000ead4dae8) 
thrown [s\src\hotspot\share\interpreter\linkResolver.cpp, line 773]
Event: 5.438 Thread 0x0000028cb40048d0 Exception <a 'java/lang/NoSuchMethodError'{0x00000000ead50e90}: 'void java.lang.invoke.DirectMethodHandle$Holder.invokeStaticInit(java.lang.Object, java.lang.Object)'> (0x00000000ead50e90) 
thrown [s\src\hotspot\share\interpreter\linkResolver.cpp, line 773]
Event: 5.442 Thread 0x0000028cb40048d0 Exception <a 'java/lang/NoSuchMethodError'{0x00000000ead57e90}: 'int java.lang.invoke.DirectMethodHandle$Holder.invokeStaticInit(java.lang.Object, java.lang.Object)'> (0x00000000ead57e90) 
thrown [s\src\hotspot\share\interpreter\linkResolver.cpp, line 773]
Event: 5.621 Thread 0x0000028cb40048d0 Exception <a 'java/lang/NoSuchMethodError'{0x00000000eae96b90}: 'void java.lang.invoke.DirectMethodHandle$Holder.invokeSpecial(java.lang.Object, java.lang.Object, java.lang.Object)'> (0x00000000eae96b90) 
thrown [s\src\hotspot\share\interpreter\linkResolver.cpp, line 773]
Event: 6.603 Thread 0x0000028cb40048d0 Exception <a 'java/lang/NoSuchMethodError'{0x00000000eb7693d8}: 'int java.lang.invoke.DirectMethodHandle$Holder.invokeVirtual(java.lang.Object, java.lang.Object)'> (0x00000000eb7693d8) 
thrown [s\src\hotspot\share\interpreter\linkResolver.cpp, line 773]
Event: 7.079 Thread 0x0000028cb40048d0 Exception <a 'java/lang/NoSuchMethodError'{0x00000000ebac1b98}: 'java.lang.Object java.lang.invoke.DirectMethodHandle$Holder.newInvokeSpecial(java.lang.Object, int, java.lang.Object)'> (0x00000000ebac1b98) 
thrown [s\src\hotspot\share\interpreter\linkResolver.cpp, line 773]
Event: 7.354 Thread 0x0000028cb40048d0 Exception <a 'java/lang/NoSuchMethodError'{0x00000000ebc56468}: 'java.lang.Object java.lang.invoke.DirectMethodHandle$Holder.newInvokeSpecial(java.lang.Object, java.lang.Object, java.lang.Object, java.lang.Object, int, java.lang.Object)'> (0x00000000ebc56468) 
thrown [s\src\hotspot\share\interpreter\linkResolver.cpp, line 773]
Event: 8.034 Thread 0x0000028cb40048d0 Exception <a 'java/lang/UnsatisfiedLinkError'{0x00000000ec0be430}: 'void org.eclipse.equinox.launcher.JNIBridge._update_splash()'> (0x00000000ec0be430) 
thrown [s\src\hotspot\share\prims\nativeLookup.cpp, line 415]
Event: 8.299 Thread 0x0000028d0a960470 Exception <a 'java/lang/NullPointerException'{0x00000000eabff040}> (0x00000000eabff040) 
thrown [s\src\hotspot\share\interpreter\linkResolver.cpp, line 1372]
Event: 8.299 Thread 0x0000028d0a960470 Exception <a 'java/lang/NullPointerException'{0x00000000eabff320}> (0x00000000eabff320) 
thrown [s\src\hotspot\share\interpreter\linkResolver.cpp, line 1372]

ZGC Phase Switch (0 events):
No events

VM Operations (20 events):
Event: 4.679 Executing VM operation: Cleanup
Event: 4.695 Executing VM operation: Cleanup done
Event: 5.182 Executing VM operation: ParallelGCFailedAllocation (Allocation Failure)
Event: 5.223 Executing VM operation: ParallelGCFailedAllocation (Allocation Failure) done
Event: 6.237 Executing VM operation: Cleanup
Event: 6.237 Executing VM operation: Cleanup done
Event: 6.961 Executing VM operation: HandshakeAllThreads (Deoptimize)
Event: 6.961 Executing VM operation: HandshakeAllThreads (Deoptimize) done
Event: 7.025 Executing VM operation: HandshakeAllThreads (Deoptimize)
Event: 7.025 Executing VM operation: HandshakeAllThreads (Deoptimize) done
Event: 7.347 Executing VM operation: HandshakeAllThreads (Deoptimize)
Event: 7.347 Executing VM operation: HandshakeAllThreads (Deoptimize) done
Event: 7.347 Executing VM operation: Cleanup
Event: 7.347 Executing VM operation: Cleanup done
Event: 8.246 Executing VM operation: ParallelGCFailedAllocation (Allocation Failure)
Event: 8.255 Executing VM operation: ParallelGCFailedAllocation (Allocation Failure) done
Event: 8.286 Executing VM operation: HandshakeAllThreads (Deoptimize)
Event: 8.286 Executing VM operation: HandshakeAllThreads (Deoptimize) done
Event: 8.619 Executing VM operation: HandshakeAllThreads (Deoptimize)
Event: 8.619 Executing VM operation: HandshakeAllThreads (Deoptimize) done

Memory protections (0 events):
No events

Nmethod flushes (0 events):
No events

Events (16 events):
Event: 0.110 Thread 0x0000028cb40048d0 Thread added: 0x0000028cb40048d0
Event: 0.186 Thread 0x0000028cb40048d0 Thread added: 0x0000028cc832d510
Event: 0.187 Thread 0x0000028cb40048d0 Thread added: 0x0000028cc8331b90
Event: 0.188 Thread 0x0000028cb40048d0 Thread added: 0x0000028cc8333470
Event: 0.188 Thread 0x0000028cb40048d0 Thread added: 0x0000028cc8334180
Event: 0.188 Thread 0x0000028cb40048d0 Thread added: 0x0000028cc8335d40
Event: 0.188 Thread 0x0000028cb40048d0 Thread added: 0x0000028cc8336790
Event: 0.189 Thread 0x0000028cb40048d0 Thread added: 0x0000028cc83375c0
Event: 0.208 Thread 0x0000028cb40048d0 Thread added: 0x0000028cc83a8fb0
Event: 0.628 Thread 0x0000028cb40048d0 Thread added: 0x0000028d0a147150
Event: 1.929 Thread 0x0000028cb40048d0 Thread added: 0x0000028d0a369020
Event: 6.903 Thread 0x0000028cb40048d0 Thread added: 0x0000028d0a85f1d0
Event: 8.002 Thread 0x0000028cb40048d0 Thread added: 0x0000028d0a1f8fe0
Event: 8.030 Thread 0x0000028cb40048d0 Thread added: 0x0000028d0a960470
Event: 8.148 Thread 0x0000028d0a960470 Thread added: 0x0000028cc83cb110
Event: 8.575 Thread 0x0000028d0a960470 Thread added: 0x0000028d0a76a570


Dynamic libraries:
0x00007ff7e5d00000 - 0x00007ff7e5d0e000 	c:\Users\RAZZAN ZUHAIR A\.vscode\extensions\redhat.java-1.40.0-win32-x64\jre\21.0.6-win32-x86_64\bin\java.exe
0x00007ff83c310000 - 0x00007ff83c508000 	C:\WINDOWS\SYSTEM32\ntdll.dll
0x00007ff83a680000 - 0x00007ff83a742000 	C:\WINDOWS\System32\KERNEL32.DLL
0x00007ff839ed0000 - 0x00007ff83a1cf000 	C:\WINDOWS\System32\KERNELBASE.dll
0x00007ff839d30000 - 0x00007ff839e30000 	C:\WINDOWS\System32\ucrtbase.dll
0x00007ff803540000 - 0x00007ff803558000 	c:\Users\RAZZAN ZUHAIR A\.vscode\extensions\redhat.java-1.40.0-win32-x64\jre\21.0.6-win32-x86_64\bin\jli.dll
0x00007ff83b050000 - 0x00007ff83b1ed000 	C:\WINDOWS\System32\USER32.dll
0x00007ff83a260000 - 0x00007ff83a282000 	C:\WINDOWS\System32\win32u.dll
0x00007ff83a530000 - 0x00007ff83a55b000 	C:\WINDOWS\System32\GDI32.dll
0x00007ff839a00000 - 0x00007ff839b1a000 	C:\WINDOWS\System32\gdi32full.dll
0x00007ff83a290000 - 0x00007ff83a32d000 	C:\WINDOWS\System32\msvcp_win.dll
0x00007ff8337d0000 - 0x00007ff8337ee000 	c:\Users\RAZZAN ZUHAIR A\.vscode\extensions\redhat.java-1.40.0-win32-x64\jre\21.0.6-win32-x86_64\bin\VCRUNTIME140.dll
0x00007ff821d50000 - 0x00007ff821fea000 	C:\WINDOWS\WinSxS\amd64_microsoft.windows.common-controls_6595b64144ccf1df_6.0.19041.4355_none_60b8b9eb71f62e16\COMCTL32.dll
0x00007ff83b700000 - 0x00007ff83b79e000 	C:\WINDOWS\System32\msvcrt.dll
0x00007ff83afc0000 - 0x00007ff83afef000 	C:\WINDOWS\System32\IMM32.DLL
0x00007ff835460000 - 0x00007ff83546c000 	c:\Users\RAZZAN ZUHAIR A\.vscode\extensions\redhat.java-1.40.0-win32-x64\jre\21.0.6-win32-x86_64\bin\vcruntime140_1.dll
0x00007ffff14a0000 - 0x00007ffff152d000 	c:\Users\RAZZAN ZUHAIR A\.vscode\extensions\redhat.java-1.40.0-win32-x64\jre\21.0.6-win32-x86_64\bin\msvcp140.dll
0x00007fffc8b60000 - 0x00007fffc98f0000 	c:\Users\RAZZAN ZUHAIR A\.vscode\extensions\redhat.java-1.40.0-win32-x64\jre\21.0.6-win32-x86_64\bin\server\jvm.dll
0x00007ff83a420000 - 0x00007ff83a4cf000 	C:\WINDOWS\System32\ADVAPI32.dll
0x00007ff83af20000 - 0x00007ff83afbf000 	C:\WINDOWS\System32\sechost.dll
0x00007ff83b7a0000 - 0x00007ff83b8c3000 	C:\WINDOWS\System32\RPCRT4.dll
0x00007ff839ea0000 - 0x00007ff839ec7000 	C:\WINDOWS\System32\bcrypt.dll
0x00007ff83a920000 - 0x00007ff83a98b000 	C:\WINDOWS\System32\WS2_32.dll
0x00007ff81fbf0000 - 0x00007ff81fc17000 	C:\WINDOWS\SYSTEM32\WINMM.dll
0x00007ff82f1f0000 - 0x00007ff82f1fa000 	C:\WINDOWS\SYSTEM32\VERSION.dll
0x00007ff838f10000 - 0x00007ff838f5b000 	C:\WINDOWS\SYSTEM32\POWRPROF.dll
0x00007ff838d80000 - 0x00007ff838d92000 	C:\WINDOWS\SYSTEM32\UMPDC.dll
0x00007ff838190000 - 0x00007ff8381a2000 	C:\WINDOWS\SYSTEM32\kernel.appcore.dll
0x00007ff82a9d0000 - 0x00007ff82a9da000 	c:\Users\RAZZAN ZUHAIR A\.vscode\extensions\redhat.java-1.40.0-win32-x64\jre\21.0.6-win32-x86_64\bin\jimage.dll
0x00007ff837ea0000 - 0x00007ff838084000 	C:\WINDOWS\SYSTEM32\DBGHELP.DLL
0x00007ff81c9d0000 - 0x00007ff81ca04000 	C:\WINDOWS\SYSTEM32\dbgcore.DLL
0x00007ff83a1d0000 - 0x00007ff83a252000 	C:\WINDOWS\System32\bcryptPrimitives.dll
0x00007ff81a1c0000 - 0x00007ff81a1cf000 	c:\Users\RAZZAN ZUHAIR A\.vscode\extensions\redhat.java-1.40.0-win32-x64\jre\21.0.6-win32-x86_64\bin\instrument.dll
0x00007ff803520000 - 0x00007ff80353f000 	c:\Users\RAZZAN ZUHAIR A\.vscode\extensions\redhat.java-1.40.0-win32-x64\jre\21.0.6-win32-x86_64\bin\java.dll
0x00007ff83b8d0000 - 0x00007ff83c03d000 	C:\WINDOWS\System32\SHELL32.dll
0x00007ff837620000 - 0x00007ff837dc4000 	C:\WINDOWS\SYSTEM32\windows.storage.dll
0x00007ff83ab60000 - 0x00007ff83aeb5000 	C:\WINDOWS\System32\combase.dll
0x00007ff8393e0000 - 0x00007ff83940f000 	C:\WINDOWS\SYSTEM32\Wldp.dll
0x00007ff83a330000 - 0x00007ff83a3fd000 	C:\WINDOWS\System32\OLEAUT32.dll
0x00007ff83aaa0000 - 0x00007ff83ab4d000 	C:\WINDOWS\System32\SHCORE.dll
0x00007ff83aec0000 - 0x00007ff83af15000 	C:\WINDOWS\System32\shlwapi.dll
0x00007ff8398e0000 - 0x00007ff839904000 	C:\WINDOWS\SYSTEM32\profapi.dll
0x00007ff803500000 - 0x00007ff803518000 	c:\Users\RAZZAN ZUHAIR A\.vscode\extensions\redhat.java-1.40.0-win32-x64\jre\21.0.6-win32-x86_64\bin\zip.dll
0x00007ff8285a0000 - 0x00007ff8285b0000 	C:\Users\RAZZAN ZUHAIR A\.vscode\extensions\redhat.java-1.40.0-win32-x64\jre\21.0.6-win32-x86_64\bin\net.dll
0x00007ff82fe30000 - 0x00007ff82ff3a000 	C:\WINDOWS\SYSTEM32\WINHTTP.dll
0x00007ff839100000 - 0x00007ff83916c000 	C:\WINDOWS\system32\mswsock.dll
0x00007ff8029d0000 - 0x00007ff8029e6000 	C:\Users\RAZZAN ZUHAIR A\.vscode\extensions\redhat.java-1.40.0-win32-x64\jre\21.0.6-win32-x86_64\bin\nio.dll
0x00007ff813890000 - 0x00007ff8138a0000 	c:\Users\RAZZAN ZUHAIR A\.vscode\extensions\redhat.java-1.40.0-win32-x64\jre\21.0.6-win32-x86_64\bin\verify.dll
0x00007ffff77c0000 - 0x00007ffff7805000 	C:\Users\RAZZAN ZUHAIR A\AppData\Roaming\Code\User\globalStorage\redhat.java\1.40.0\config_ss_win\org.eclipse.equinox.launcher\org.eclipse.equinox.launcher.win32.win32.x86_64_1.2.1200.v20250212-0927\eclipse_11909.dll
0x00007ff83a750000 - 0x00007ff83a87b000 	C:\WINDOWS\System32\ole32.dll

dbghelp: loaded successfully - version: 4.0.5 - missing functions: none
symbol engine: initialized successfully - sym options: 0x614 - pdb path: .;c:\Users\RAZZAN ZUHAIR A\.vscode\extensions\redhat.java-1.40.0-win32-x64\jre\21.0.6-win32-x86_64\bin;C:\WINDOWS\SYSTEM32;C:\WINDOWS\WinSxS\amd64_microsoft.windows.common-controls_6595b64144ccf1df_6.0.19041.4355_none_60b8b9eb71f62e16;c:\Users\RAZZAN ZUHAIR A\.vscode\extensions\redhat.java-1.40.0-win32-x64\jre\21.0.6-win32-x86_64\bin\server;C:\Users\RAZZAN ZUHAIR A\AppData\Roaming\Code\User\globalStorage\redhat.java\1.40.0\config_ss_win\org.eclipse.equinox.launcher\org.eclipse.equinox.launcher.win32.win32.x86_64_1.2.1200.v20250212-0927

VM Arguments:
jvm_args: --add-modules=ALL-SYSTEM --add-opens=java.base/java.util=ALL-UNNAMED --add-opens=java.base/java.lang=ALL-UNNAMED --add-opens=java.base/sun.nio.fs=ALL-UNNAMED -Declipse.application=org.eclipse.jdt.ls.core.id1 -Dosgi.bundles.defaultStartLevel=4 -Declipse.product=org.eclipse.jdt.ls.core.product -Djava.import.generatesMetadataFilesAtProjectRoot=false -DDetectVMInstallationsJob.disabled=true -Dfile.encoding=utf8 -XX:+UseParallelGC -XX:GCTimeRatio=4 -XX:AdaptiveSizePolicyWeight=90 -Dsun.zip.disableMemoryMapping=true -Xmx1G -Xms100m -Xlog:disable -javaagent:c:\Users\RAZZAN ZUHAIR A\.vscode\extensions\redhat.java-1.40.0-win32-x64\lombok\lombok-1.18.36.jar 
java_command: c:\Users\RAZZAN ZUHAIR A\.vscode\extensions\redhat.java-1.40.0-win32-x64\server\plugins\org.eclipse.equinox.launcher_1.6.1000.v20250131-0606.jar -configuration c:\Users\RAZZAN ZUHAIR A\AppData\Roaming\Code\User\globalStorage\redhat.java\1.40.0\config_ss_win -data c:\Users\RAZZAN ZUHAIR A\AppData\Roaming\Code\User\workspaceStorage\9d7579ea74893fdc3460188b053f20a1\redhat.java\ss_ws --pipe=\\.\pipe\lsp-69092b9e632f51852728505ff958f121-sock
java_class_path (initial): c:\Users\RAZZAN ZUHAIR A\.vscode\extensions\redhat.java-1.40.0-win32-x64\server\plugins\org.eclipse.equinox.launcher_1.6.1000.v20250131-0606.jar
Launcher Type: SUN_STANDARD

[Global flags]
    uintx AdaptiveSizePolicyWeight                 = 90                                        {product} {command line}
     intx CICompilerCount                          = 3                                         {product} {ergonomic}
    uintx GCTimeRatio                              = 4                                         {product} {command line}
   size_t InitialHeapSize                          = 104857600                                 {product} {command line}
   size_t MaxHeapSize                              = 1073741824                                {product} {command line}
   size_t MaxNewSize                               = 357564416                                 {product} {ergonomic}
   size_t MinHeapDeltaBytes                        = 524288                                    {product} {ergonomic}
   size_t MinHeapSize                              = 104857600                                 {product} {command line}
   size_t NewSize                                  = 34603008                                  {product} {ergonomic}
    uintx NonNMethodCodeHeapSize                   = 5832780                                {pd product} {ergonomic}
    uintx NonProfiledCodeHeapSize                  = 122912730                              {pd product} {ergonomic}
   size_t OldSize                                  = 70254592                                  {product} {ergonomic}
    uintx ProfiledCodeHeapSize                     = 122912730                              {pd product} {ergonomic}
    uintx ReservedCodeCacheSize                    = 251658240                              {pd product} {ergonomic}
     bool SegmentedCodeCache                       = true                                      {product} {ergonomic}
   size_t SoftMaxHeapSize                          = 1073741824                             {manageable} {ergonomic}
     bool UseCompressedOops                        = true                           {product lp64_product} {ergonomic}
     bool UseLargePagesIndividualAllocation        = false                                  {pd product} {ergonomic}
     bool UseParallelGC                            = true                                      {product} {command line}

Logging:
Log output configuration:
 #0: stdout all=off uptime,level,tags foldmultilines=false
 #1: stderr all=off uptime,level,tags foldmultilines=false

Environment Variables:
PATH=C:\Program Files\Common Files\Oracle\Java\javapath;C:\Program Files (x86)\NVIDIA Corporation\PhysX\Common;C:\WINDOWS\system32;C:\WINDOWS;C:\WINDOWS\System32\Wbem;C:\WINDOWS\System32\WindowsPowerShell\v1.0\;C:\WINDOWS\System32\OpenSSH\;C:\Program Files\dotnet\;C:\dev\flutter\bin;C:\Program Files\Git\cmd;C:\dev\flutter\bin\cache\dart-sdk\bin;C:\Program Files (x86)\Windows Kits\10\Windows Performance Toolkit\;C:\Program Files\nodejs\;C:\xampp\php;C:\ProgramData\ComposerSetup\bin;D:\LLVM\bin;C:\Users\RAZZAN ZUHAIR A\AppData\Local\Programs\Python\Python312\Scripts\;C:\Users\RAZZAN ZUHAIR A\AppData\Local\Programs\Python\Python312\;C:\Users\RAZZAN ZUHAIR A\AppData\Local\Microsoft\WindowsApps;C:\Users\RAZZAN ZUHAIR A\AppData\Local\Programs\Microsoft VS Code\bin;C:\msys64\ucrt64\bin;C:\dev\flutter\bin;C:\dev\flutter\bin\cache\dart-sdk\bin;C:\Users\RAZZAN ZUHAIR A\.dotnet\tools;C:\Users\RAZZAN ZUHAIR A\AppData\Roaming\npm;C:\Users\RAZZAN ZUHAIR A\AppData\Roaming\Composer\vendor\bin
USERNAME=RAZZAN ZUHAIR A
OS=Windows_NT
PROCESSOR_IDENTIFIER=Intel64 Family 6 Model 142 Stepping 10, GenuineIntel
TMP=C:\Users\RAZZAN ZUHAIR A\AppData\Local\Temp
TEMP=C:\Users\RAZZAN ZUHAIR A\AppData\Local\Temp




Periodic native trim disabled

---------------  S Y S T E M  ---------------

OS:
 Windows 10 , 64 bit Build 19041 (10.0.19041.5438)
OS uptime: 0 days 5:12 hours
Hyper-V role detected

CPU: total 4 (initial active 4) (2 cores per cpu, 2 threads per core) family 6 model 142 stepping 10 microcode 0xf6, cx8, cmov, fxsr, ht, mmx, 3dnowpref, sse, sse2, sse3, ssse3, sse4.1, sse4.2, popcnt, lzcnt, tsc, tscinvbit, avx, avx2, aes, erms, clmul, bmi1, bmi2, adx, fma, vzeroupper, clflush, clflushopt, hv, rdtscp, f16c
Processor Information for the first 4 processors :
  Max Mhz: 2304, Current Mhz: 2304, Mhz Limit: 2304

Memory: 4k page, system-wide physical 3964M (142M free)
TotalPageFile size 10586M (AvailPageFile size 0M)
current process WorkingSet (physical memory assigned to process): 93M, peak: 93M
current process commit charge ("private bytes"): 194M, peak: 195M

vm_info: OpenJDK 64-Bit Server VM (21.0.6+7-LTS) for windows-amd64 JRE (21.0.6+7-LTS), built on 2025-01-21T00:00:00Z by "admin" with MS VC++ 17.7 (VS2022)

END.
